<?xml version="1.0" encoding="UTF-8"?>
<!-- Generated by org.testng.reporters.JUnitReportReporter -->
<testsuite skipped="0" hostname="LAPTOP-ABL98QD3" name="com.Utils.TopSpeed" tests="1" failures="0" timestamp="2020-04-20T12:41:17 IST" time="4.060" errors="0">
  <testcase name="f" time="4.060" classname="com.Utils.TopSpeed"/>
  <system-out/>
</testsuite> <!-- com.Utils.TopSpeed -->
